10 Mar 2025 18:58:16,956 INFO  CarsDBRepository 13 <init> - Initializing CarsDBRepository with properties: {jdbc.url=jdbc:sqlite:C:\Users\staic\Desktop\lab mpp\teme-lab-RobertBread\databases\cars.db}
10 Mar 2025 18:58:16,961 TRACE JdbcUtils 46 getConnection - Enter
10 Mar 2025 18:58:16,961 TRACE JdbcUtils 23 getNewConnection - Enter
10 Mar 2025 18:58:16,962 INFO  JdbcUtils 28 getNewConnection - trying to connect to database ... jdbc:sqlite:C:\Users\staic\Desktop\lab mpp\teme-lab-RobertBread\databases\cars.db
10 Mar 2025 18:58:16,962 INFO  JdbcUtils 29 getNewConnection - user: null
10 Mar 2025 18:58:16,962 INFO  JdbcUtils 30 getNewConnection - pass: null
10 Mar 2025 18:58:17,177 TRACE JdbcUtils 55 getConnection - Exit with(org.sqlite.jdbc4.JDBC4Connection@29f7cefd)
10 Mar 2025 18:58:17,188 TRACE JdbcUtils 46 getConnection - Enter
10 Mar 2025 18:58:17,189 TRACE JdbcUtils 23 getNewConnection - Enter
10 Mar 2025 18:58:17,189 INFO  JdbcUtils 28 getNewConnection - trying to connect to database ... jdbc:sqlite:C:\Users\staic\Desktop\lab mpp\teme-lab-RobertBread\databases\cars.db
10 Mar 2025 18:58:17,189 INFO  JdbcUtils 29 getNewConnection - user: null
10 Mar 2025 18:58:17,189 INFO  JdbcUtils 30 getNewConnection - pass: null
10 Mar 2025 18:58:17,191 TRACE JdbcUtils 55 getConnection - Exit with(org.sqlite.jdbc4.JDBC4Connection@461ad730)
10 Mar 2025 18:58:17,202 TRACE JdbcUtils 46 getConnection - Enter
10 Mar 2025 18:58:17,203 TRACE JdbcUtils 23 getNewConnection - Enter
10 Mar 2025 18:58:17,203 INFO  JdbcUtils 28 getNewConnection - trying to connect to database ... jdbc:sqlite:C:\Users\staic\Desktop\lab mpp\teme-lab-RobertBread\databases\cars.db
10 Mar 2025 18:58:17,204 INFO  JdbcUtils 29 getNewConnection - user: null
10 Mar 2025 18:58:17,204 INFO  JdbcUtils 30 getNewConnection - pass: null
10 Mar 2025 18:58:17,205 TRACE JdbcUtils 55 getConnection - Exit with(org.sqlite.jdbc4.JDBC4Connection@2bdd8394)
10 Mar 2025 19:00:48,357 INFO  CarsDBRepository 13 <init> - Initializing CarsDBRepository with properties: {jdbc.url=jdbc:sqlite:C:\Users\staic\Desktop\lab mpp\teme-lab-RobertBread\databases\cars.db}
10 Mar 2025 19:00:48,361 TRACE JdbcUtils 46 getConnection - Enter
10 Mar 2025 19:00:48,361 TRACE JdbcUtils 23 getNewConnection - Enter
10 Mar 2025 19:00:48,361 INFO  JdbcUtils 28 getNewConnection - trying to connect to database ... jdbc:sqlite:C:\Users\staic\Desktop\lab mpp\teme-lab-RobertBread\databases\cars.db
10 Mar 2025 19:00:48,361 INFO  JdbcUtils 29 getNewConnection - user: null
10 Mar 2025 19:00:48,362 INFO  JdbcUtils 30 getNewConnection - pass: null
10 Mar 2025 19:00:48,595 TRACE JdbcUtils 55 getConnection - Exit with(org.sqlite.jdbc4.JDBC4Connection@29f7cefd)
10 Mar 2025 19:00:48,606 TRACE JdbcUtils 46 getConnection - Enter
10 Mar 2025 19:00:48,606 TRACE JdbcUtils 23 getNewConnection - Enter
10 Mar 2025 19:00:48,606 INFO  JdbcUtils 28 getNewConnection - trying to connect to database ... jdbc:sqlite:C:\Users\staic\Desktop\lab mpp\teme-lab-RobertBread\databases\cars.db
10 Mar 2025 19:00:48,607 INFO  JdbcUtils 29 getNewConnection - user: null
10 Mar 2025 19:00:48,607 INFO  JdbcUtils 30 getNewConnection - pass: null
10 Mar 2025 19:00:48,609 TRACE JdbcUtils 55 getConnection - Exit with(org.sqlite.jdbc4.JDBC4Connection@461ad730)
10 Mar 2025 19:00:48,622 TRACE JdbcUtils 46 getConnection - Enter
10 Mar 2025 19:00:48,622 TRACE JdbcUtils 23 getNewConnection - Enter
10 Mar 2025 19:00:48,622 INFO  JdbcUtils 28 getNewConnection - trying to connect to database ... jdbc:sqlite:C:\Users\staic\Desktop\lab mpp\teme-lab-RobertBread\databases\cars.db
10 Mar 2025 19:00:48,623 INFO  JdbcUtils 29 getNewConnection - user: null
10 Mar 2025 19:00:48,623 INFO  JdbcUtils 30 getNewConnection - pass: null
10 Mar 2025 19:00:48,625 TRACE JdbcUtils 55 getConnection - Exit with(org.sqlite.jdbc4.JDBC4Connection@2bdd8394)
10 Mar 2025 19:01:57,118 INFO  CarsDBRepository 13 <init> - Initializing CarsDBRepository with properties: {jdbc.url=jdbc:sqlite:C:\Users\staic\Desktop\lab mpp\teme-lab-RobertBread\databases\cars.db}
10 Mar 2025 19:01:57,121 TRACE JdbcUtils 46 getConnection - Enter
10 Mar 2025 19:01:57,122 TRACE JdbcUtils 23 getNewConnection - Enter
10 Mar 2025 19:01:57,122 INFO  JdbcUtils 28 getNewConnection - trying to connect to database ... jdbc:sqlite:C:\Users\staic\Desktop\lab mpp\teme-lab-RobertBread\databases\cars.db
10 Mar 2025 19:01:57,122 INFO  JdbcUtils 29 getNewConnection - user: null
10 Mar 2025 19:01:57,122 INFO  JdbcUtils 30 getNewConnection - pass: null
10 Mar 2025 19:01:57,378 TRACE JdbcUtils 55 getConnection - Exit with(org.sqlite.jdbc4.JDBC4Connection@29f7cefd)
10 Mar 2025 19:01:57,387 TRACE JdbcUtils 46 getConnection - Enter
10 Mar 2025 19:01:57,388 TRACE JdbcUtils 23 getNewConnection - Enter
10 Mar 2025 19:01:57,388 INFO  JdbcUtils 28 getNewConnection - trying to connect to database ... jdbc:sqlite:C:\Users\staic\Desktop\lab mpp\teme-lab-RobertBread\databases\cars.db
10 Mar 2025 19:01:57,388 INFO  JdbcUtils 29 getNewConnection - user: null
10 Mar 2025 19:01:57,388 INFO  JdbcUtils 30 getNewConnection - pass: null
10 Mar 2025 19:01:57,390 TRACE JdbcUtils 55 getConnection - Exit with(org.sqlite.jdbc4.JDBC4Connection@461ad730)
10 Mar 2025 19:01:57,393 TRACE JdbcUtils 46 getConnection - Enter
10 Mar 2025 19:01:57,393 TRACE JdbcUtils 23 getNewConnection - Enter
10 Mar 2025 19:01:57,393 INFO  JdbcUtils 28 getNewConnection - trying to connect to database ... jdbc:sqlite:C:\Users\staic\Desktop\lab mpp\teme-lab-RobertBread\databases\cars.db
10 Mar 2025 19:01:57,394 INFO  JdbcUtils 29 getNewConnection - user: null
10 Mar 2025 19:01:57,394 INFO  JdbcUtils 30 getNewConnection - pass: null
10 Mar 2025 19:01:57,395 TRACE JdbcUtils 55 getConnection - Exit with(org.sqlite.jdbc4.JDBC4Connection@4ee203eb)
10 Mar 2025 19:01:57,403 TRACE JdbcUtils 46 getConnection - Enter
10 Mar 2025 19:01:57,403 TRACE JdbcUtils 23 getNewConnection - Enter
10 Mar 2025 19:01:57,404 INFO  JdbcUtils 28 getNewConnection - trying to connect to database ... jdbc:sqlite:C:\Users\staic\Desktop\lab mpp\teme-lab-RobertBread\databases\cars.db
10 Mar 2025 19:01:57,404 INFO  JdbcUtils 29 getNewConnection - user: null
10 Mar 2025 19:01:57,404 INFO  JdbcUtils 30 getNewConnection - pass: null
10 Mar 2025 19:01:57,404 TRACE JdbcUtils 55 getConnection - Exit with(org.sqlite.jdbc4.JDBC4Connection@5f9edf14)
